# Ancile Hosts domain Address list
# This file contains a list of domain and host names that modify_hosts
# will use to build a block list.
#
# Lines starting with a "#" are comments and will be ignored.

0.r.msn.com
a.ads1.msn.com
a.ads1.msn.com
a.ads2.msads.net
a.ads2.msn.com
a.rad.msn.com
ac3.msn.com
act-3-blu.mesh.com
activesync.glbdns2.microsoft.com
ad.doubleclick.net
adnexus.net
adnxs.com
ads.eu.msn.com
ads.msn.com
ads.msn.com.nsatc.net
ads1.msads.net
ads1.msn.com
ads2.msn.com
ads2.msn.com.c.footprint.net
adsmockarc.azurewebsites.net
adsyndication.msn.com
aidps.atdmt.com
aidps.msn.com.nsatc.net
aka-cdn-ns.adtech.de
analytics.live.com
analytics.microsoft.com
analytics.msn.com
analytics.msnbc.msn.com
analytics.r.msn.com
appexmapsappupdate.blob.core.windows.net
arc2.msn.com
arc3.msn.com
arc9.msn.com
atlas.c10r.facebook.com
az361816.vo.msecnd.net
az512334.vo.msecnd.net
b.ads1.msn.com
b.ads2.msads.net
b.rad.msn.com
bat.bing.com
bingads.microsoft.com
bl3302.storage.skyprod.akadns.net
blu.mobileads.msn.com
bn1-2cd.wns.windows.com
bn1cd.wns.windows.com
bn1wns2011508.wns.windows.com
bn2wns1.wns.windows.com
bn2wns1b.wns.windows.com
bs.eyeblaster.akadns.net
bs.serving-sys.com
c.atdmt.com
c.atdmt.com.nsatc.net
c.bing.com
c.microsoft.com
c.msn.com
c.msn.com.nsatc.net
c.ninemsn.com.au
c.no.msn.com
c1.microsoft.com
ca.telemetry.microsoft.com
cache.datamart.windows.com
cdn.atdmt.com
cdn.content.prod.cms.msn.com
cds26.ams9.msecn.net
choice.microsoft.com
choice.microsoft.com.nsatc.net
cmsresources.windowsphone.com
col.mobileads.msn.com
compatexchange.cloudapp.net
content.windows.microsoft.com
corp.sts.microsoft.com
corpext.msitadfs.glbdns2.microsoft.com
crl.microsoft.com
cs1.wpc.v0cdn.net
cy2.settings.data.microsoft.com.akadns.net
dart.l.doubleclick.net
db3aqu.atdmt.com
db3wns2011111.wns.windows.com
db5.settings.data.microsoft.com.akadns.net
db5sch101101511.wns.windows.com
db5sch101101939.wns.windows.com
db5sch101110626.wns.windows.com
db5sch101110634.wns.windows.com
db5sch103082111.wns.windows.com
db5sch103082406.wns.windows.com
db5sch103092209.wns.windows.com
dc.services.visualstudio.com
dev.virtualearth.net
df.telemetry.microsoft.com
diagnostics.support.microsoft.akadns.net
diagnostics.support.microsoft.com
digg.analytics.live.com
directory.services.live.com.akadns.net
displaycatalog.md.mp.microsoft.com
displaycatalog.mp.microsoft.com
dl.delivery.mp.microsoft.com
dmd.metaservices.microsoft.com
download-ssl.msgamestudios.com
ec.atdmt.com
ecn.dev.virtualearth.net
en-us.appex-rf.msn.com
fe2.update.microsoft.com.akadns.net
fe3.delivery.dsp.mp.microsoft.com.nsatc.net
fe3.delivery.mp.microsoft.com
feedback.microsoft-hohm.com
feedback.search.microsoft.com
feedback.windows.com
fesweb1.ch1d.binginternal.com
ff4a487e56259f4bd5831e9e30470e83.azr.msnetworkanalytics.testanalytics.net
flex.msn.com
flex.msn.com.nsatc.net
g.msn.com
g.msn.com.nsatc.net
geo.settings.data.microsoft.com.akadns.net
geo-prod.do.dsp.mp.microsoft.com
geover-prod.do.dsp.mp.microsoft.com
global.msads.net.c.footprint.net
h1.msn.com
h2.msn.com
help.bingads.microsoft.com
i1.services.social.microsoft.com
i1.services.social.microsoft.com.nsatc.net
inference.location.live.net
js.microsoft.com
lb1.www.ms.akadns.net
licensing.md.mp.microsoft.com
live.rads.msn.com
livetileedge.dsx.mp.microsoft.com
logging.windows.microsoft.com
ls2web.redmond.corp.microsoft.com
m.adnxs.com
m.anycast.adnxs.com
m.hotmail.com
mediadiscovery.microsoft.com
microsoft-hohm.com
mobile.pipe.aria.microsoft.com
msedge.net
msnportal.112.2o7.net
msntest.serving-sys.com
nexus.officeapps.live.com
nexusrules.officeapps.live.com
oca.telemetry.microsoft.com
oca.telemetry.microsoft.com.nsatc.net
officeclient.microsoft.com
onesettings-bn2.metron.live.com.nsatc.net
onesettings-cy2.metron.live.com.nsatc.net
onesettings-db5.metron.live.com.nsatc.net
onesettings-hk2.metron.live.com.nsatc.net
otf.msn.com
popup.msn.com
pre.footprintpredict.com
preview.msn.com
rad.live.com
rad.msn.com
rad.msn.com.nsatc.net
redir.metaservices.microsoft.com
reports.wes.df.telemetry.microsoft.com
rmads.eu.msn.com
rmads.msn.com
rpt.rad.msn.com
sb.scorecardresearch.com
schemas.microsoft.akadns.net
search.msn.com
secure.adnxs.com
secure.anycast.adnxs.com
secure.flashtalking.com
services.wes.df.telemetry.microsoft.com
settings.data.glbdns2.microsoft.com
settings.data.microsoft.com
settings-sandbox.data.glbdns2.microsoft.com
settings-sandbox.data.microsoft.com
settings-ssl.xboxlive.com
settings-win.data.microsoft.com
sgmetrics.cloudapp.net
shell.windows.com
siweb.microsoft.akadns.net
skyapi.skyprod.akadns.net
sls.update.microsoft.com
sls.update.microsoft.com.akadns.net
sls.update.microsoft.com.nsatc.net
sO.2mdn.net
spynet.microsoft.com
spynet2.microsoft.com
spynetalt.microsoft.com
spynettest.microsoft.com
sqm.df.telemetry.microsoft.com
sqm.microsoft.com
sqm.telemetry.microsoft.com
sqm.telemetry.microsoft.com.nsatc.net
ssw.live.com
ssw.live.com.nsatc.net
static.2mdn.net
static-2mdn-net.l.google.com
statsfe1.ws.microsoft.com
statsfe1.ws.microsoft.com.nsatc.net
statsfe2.update.microsoft.com
statsfe2.update.microsoft.com.akadns.net
statsfe2.ws.microsoft.com
statsfe2.ws.microsoft.com.nsatc.net
storeedgefd.dsx.mp.microsoft.com
support.msn.microsoft.akadns.net
survey.watson.microsoft.com
t.urs.microsoft.com.nsatc.net
t0.ssl.ak.dynamic.tiles.virtualearth.net
t0.ssl.ak.tiles.virtualearth.net
tele.trafficmanager.net
telecommand.telemetry.microsoft.com
telecommand.telemetry.microsoft.com.nsatc.net
telemetry.appex.bing.net
telemetry.appex.search.prod.ms.akadns.net
telemetry.microsoft.com
telemetry.urs.microsoft.com
teredo.ipv6.microsoft.com
tile-service.weather.microsoft.com
tlu.dl.delivery.mp.microsoft.com
tsfe.trafficshaping.dsp.mp.microsoft.com
udc.msn.com
urs.microsoft.com
v10.vortex-win.data.metron.live.com.nsatc.net
v10.vortex-win.data.microsoft.com
version.hybrid.api.here.com
view.atdmt.com
vortex.data.glbdns2.microsoft.com
vortex.data.metron.live.com.nsatc.net
vortex.data.microsoft.com
vortex-bn2.metron.live.com.nsatc.net
vortex-cy2.metron.live.com.nsatc.net
vortex-db5.metron.live.com.nsatc.net
vortex-hk2.metron.live.com.nsatc.net
vortex-sandbox.data.glbdns2.microsoft.com
vortex-sandbox.data.microsoft.com
vortex-win.data.metron.live.com.nsatc.net
vortex-win.data.microsoft.com
w3.b.cap-mii.net
watson.live.com
watson.live.comwatson.microsoft.com
watson.microsoft.com
watson.microsoft.com.nsatc.net
watson.ppe.telemetry.microsoft.com
watson.telemetry.microsoft.com
watson.telemetry.microsoft.com.nsatc.net
web.vortex.data.microsoft.com
wes.df.telemetry.microsoft.com
win10.ipv6.microsoft.com
win10.ipv6.microsoft.com.nsatc.net
win8.ipv6.microsoft.com
www.modern.iechoice.microsoft.com
www.msedge.net
